Added Component: Designator=1 Lighting(ARDUINO-NANO-3.0)
Added Component: Designator=2 Ultrasonic(ARDUINO-NANO-3.0)
Added Component: Designator=3 InfraRed(ARDUINO-NANO-3.0)
Added Component: Designator=9V 2A VoltReg(TO-220-AB)
Added Component: Designator=10A Fuse(PIN-W2/E2.8)
Added Component: Designator=12V INPUT(MKDSN1,5/2-5,08)
Added Component: Designator=C3(RB7.6-15)
Added Component: Designator=C4(RB7.6-15)
Added Component: Designator=C5(RB7.6-15)
Added Component: Designator=C6(RB7.6-15)
Added Component: Designator=C7(C0805)
Added Component: Designator=C8(C0805)
Added Component: Designator=C9(C0805)
Added Component: Designator=C10(C0805)
Added Component: Designator=C11(C0805)
Added Component: Designator=C12(C0805)
Added Component: Designator=C13(C0805)
Added Component: Designator=C14(C0805)
Added Component: Designator=C15(C0805)
Added Component: Designator=C16(RAD-0.3)
Added Component: Designator=C17(RAD-0.3)
Added Component: Designator=C18(RB7.6-15)
Added Component: Designator=C19(C0805)
Added Component: Designator=C20(C0805)
Added Component: Designator=C21(C0805)
Added Component: Designator=C22(C0805)
Added Component: Designator=C23(C0805)
Added Component: Designator=C24(C0805)
Added Component: Designator=CON - I2C from RRIO(70634-POS3)
Added Component: Designator=CON - I2C Output(70634-POS5)
Added Component: Designator=CON - IR1(70634-POS3)
Added Component: Designator=CON - IR2(70634-POS3)
Added Component: Designator=CON - IR3(70634-POS3)
Added Component: Designator=CON - IR4(70634-POS3)
Added Component: Designator=CON - IR5(70634-POS3)
Added Component: Designator=CON - IR6(70634-POS3)
Added Component: Designator=CON - NeoPix Pwr B(70634-POS2)
Added Component: Designator=CON - NeoPix Pwr C(70634-POS2)
Added Component: Designator=CON - NeoPix Start A(70634-POS3)
Added Component: Designator=CON-Ring Light 1(70634-POS2)
Added Component: Designator=CON-Ring Light 2(70634-POS2)
Added Component: Designator=CON - US1(70634-POS4)
Added Component: Designator=CON - US2(70634-POS4)
Added Component: Designator=CON - US3(70634-POS4)
Added Component: Designator=CON - US4(70634-POS4)
Added Component: Designator=CON - US5(70634-POS4)
Added Component: Designator=CON - US6(70634-POS4)
Added Component: Designator=FET-RL1(TO-220AB)
Added Component: Designator=FET-RL2(TO-220AB)
Added Component: Designator=I2C GND Jumper(HDR1X2)
Added Component: Designator=IRAddr-SW1(EDG-04)
Added Component: Designator=JRST1(HDR1X2)
Added Component: Designator=JRST2(HDR1X2)
Added Component: Designator=JRST3(HDR1X2)
Added Component: Designator=LIAddr-SW1(EDG-04)
Added Component: Designator=Nano Reset Header(70634-POS2)
Added Component: Designator=NeoIR-0(WS2812B-NARROW)
Added Component: Designator=NeoLI-0(WS2812B-NARROW)
Added Component: Designator=NeoLI-1(WS2812B-NARROW)
Added Component: Designator=NeoLI-2(WS2812B-NARROW)
Added Component: Designator=NeoLI-3(WS2812B-NARROW)
Added Component: Designator=NeoLI-4(WS2812B-NARROW)
Added Component: Designator=NeoLI-5(WS2812B-NARROW)
Added Component: Designator=NeoLI-6(WS2812B-NARROW)
Added Component: Designator=NeoPix V-REG-1(TO220ABN)
Added Component: Designator=NeoPix V-REG-2(TO220ABN)
Added Component: Designator=NeoPix V-REG-3(TO220ABN)
Added Component: Designator=NeoUS-0(WS2812B-NARROW)
Added Component: Designator=R1(AXIAL-0.3)
Added Component: Designator=R2(AXIAL-0.3)
Added Component: Designator=R3(AXIAL-0.3)
Added Component: Designator=R4(AXIAL-0.3)
Added Component: Designator=R5(AXIAL-0.3)
Added Component: Designator=R6(AXIAL-0.3)
Added Component: Designator=R7(AXIAL-0.3)
Added Component: Designator=R8(AXIAL-0.3)
Added Component: Designator=R9(AXIAL-0.3)
Added Component: Designator=USAddr-SW1(EDG-04)
Added Pin To Net: NetName=+5.1 NEOPIX Pin=C4-1
Added Pin To Net: NetName=+5.1 NEOPIX Pin=C8-1
Added Pin To Net: NetName=+5.1 NEOPIX Pin=C9-1
Added Pin To Net: NetName=+5.1 NEOPIX Pin=C10-1
Added Pin To Net: NetName=+5.1 NEOPIX Pin=C11-1
Added Pin To Net: NetName=+5.1 NEOPIX Pin=C12-1
Added Pin To Net: NetName=+5.1 NEOPIX Pin=C13-1
Added Pin To Net: NetName=+5.1 NEOPIX Pin=CON - NeoPix Start A-P$1
Added Pin To Net: NetName=+5.1 NEOPIX Pin=NeoLI-1-1-VDD
Added Pin To Net: NetName=+5.1 NEOPIX Pin=NeoLI-2-1-VDD
Added Pin To Net: NetName=+5.1 NEOPIX Pin=NeoLI-3-1-VDD
Added Pin To Net: NetName=+5.1 NEOPIX Pin=NeoLI-4-1-VDD
Added Pin To Net: NetName=+5.1 NEOPIX Pin=NeoLI-5-1-VDD
Added Pin To Net: NetName=+5.1 NEOPIX Pin=NeoLI-6-1-VDD
Added Net: Name=+5.1 NEOPIX
Added Pin To Net: NetName=+5.1 Pin=C20-1
Added Pin To Net: NetName=+5.1 Pin=NeoPix V-REG-1-2
Added Net: Name=+5.1
Added Pin To Net: NetName=+5.2 NEOPIX Pin=C5-1
Added Pin To Net: NetName=+5.2 NEOPIX Pin=CON - NeoPix Pwr B-P$1
Added Net: Name=+5.2 NEOPIX
Added Pin To Net: NetName=+5.2 Pin=C22-1
Added Pin To Net: NetName=+5.2 Pin=NeoPix V-REG-2-2
Added Net: Name=+5.2
Added Pin To Net: NetName=+5.3 NEOPIX Pin=C6-1
Added Pin To Net: NetName=+5.3 NEOPIX Pin=CON - NeoPix Pwr C-P$1
Added Net: Name=+5.3 NEOPIX
Added Pin To Net: NetName=+5.3 Pin=C24-1
Added Pin To Net: NetName=+5.3 Pin=NeoPix V-REG-3-2
Added Net: Name=+5.3
Added Pin To Net: NetName=+5 IR Pin=3 InfraRed-J2.4
Added Pin To Net: NetName=+5 IR Pin=C15-1
Added Pin To Net: NetName=+5 IR Pin=CON - IR1-P$1
Added Pin To Net: NetName=+5 IR Pin=CON - IR2-P$1
Added Pin To Net: NetName=+5 IR Pin=CON - IR3-P$1
Added Pin To Net: NetName=+5 IR Pin=CON - IR4-P$1
Added Pin To Net: NetName=+5 IR Pin=CON - IR5-P$1
Added Pin To Net: NetName=+5 IR Pin=CON - IR6-P$1
Added Pin To Net: NetName=+5 IR Pin=NeoIR-0-1-VDD
Added Pin To Net: NetName=+5 IR Pin=R1-1
Added Pin To Net: NetName=+5 IR Pin=R2-1
Added Net: Name=+5 IR
Added Pin To Net: NetName=+5 LI Pin=1 Lighting-J2.4
Added Pin To Net: NetName=+5 LI Pin=C7-1
Added Pin To Net: NetName=+5 LI Pin=NeoLI-0-1-VDD
Added Net: Name=+5 LI
Added Pin To Net: NetName=+5 US Pin=2 Ultrasonic-J2.4
Added Pin To Net: NetName=+5 US Pin=C14-1
Added Pin To Net: NetName=+5 US Pin=CON - US1-P$1
Added Pin To Net: NetName=+5 US Pin=CON - US2-P$1
Added Pin To Net: NetName=+5 US Pin=CON - US3-P$1
Added Pin To Net: NetName=+5 US Pin=CON - US4-P$1
Added Pin To Net: NetName=+5 US Pin=CON - US5-P$1
Added Pin To Net: NetName=+5 US Pin=CON - US6-P$1
Added Pin To Net: NetName=+5 US Pin=NeoUS-0-1-VDD
Added Net: Name=+5 US
Added Pin To Net: NetName=+12 Pin=9V 2A VoltReg-1
Added Pin To Net: NetName=+12 Pin=10A Fuse-2
Added Pin To Net: NetName=+12 Pin=C3-1
Added Pin To Net: NetName=+12 Pin=C16-2
Added Pin To Net: NetName=+12 Pin=C19-1
Added Pin To Net: NetName=+12 Pin=C21-1
Added Pin To Net: NetName=+12 Pin=C23-1
Added Pin To Net: NetName=+12 Pin=CON-Ring Light 1-P$1
Added Pin To Net: NetName=+12 Pin=CON-Ring Light 2-P$1
Added Pin To Net: NetName=+12 Pin=NeoPix V-REG-1-1
Added Pin To Net: NetName=+12 Pin=NeoPix V-REG-2-1
Added Pin To Net: NetName=+12 Pin=NeoPix V-REG-3-1
Added Net: Name=+12
Added Pin To Net: NetName=GND Pin=1 Lighting-J2.2
Added Pin To Net: NetName=GND Pin=2 Ultrasonic-J2.2
Added Pin To Net: NetName=GND Pin=3 InfraRed-J2.2
Added Pin To Net: NetName=GND Pin=9V 2A VoltReg-2
Added Pin To Net: NetName=GND Pin=12V INPUT-1
Added Pin To Net: NetName=GND Pin=C3-2
Added Pin To Net: NetName=GND Pin=C4-2
Added Pin To Net: NetName=GND Pin=C5-2
Added Pin To Net: NetName=GND Pin=C6-2
Added Pin To Net: NetName=GND Pin=C7-2
Added Pin To Net: NetName=GND Pin=C8-2
Added Pin To Net: NetName=GND Pin=C9-2
Added Pin To Net: NetName=GND Pin=C10-2
Added Pin To Net: NetName=GND Pin=C11-2
Added Pin To Net: NetName=GND Pin=C12-2
Added Pin To Net: NetName=GND Pin=C13-2
Added Pin To Net: NetName=GND Pin=C14-2
Added Pin To Net: NetName=GND Pin=C15-2
Added Pin To Net: NetName=GND Pin=C16-1
Added Pin To Net: NetName=GND Pin=C17-1
Added Pin To Net: NetName=GND Pin=C18-2
Added Pin To Net: NetName=GND Pin=C19-2
Added Pin To Net: NetName=GND Pin=C20-2
Added Pin To Net: NetName=GND Pin=CON - I2C Output-P$5
Added Pin To Net: NetName=GND Pin=CON - IR1-P$3
Added Pin To Net: NetName=GND Pin=CON - IR2-P$3
Added Pin To Net: NetName=GND Pin=CON - IR3-P$3
Added Pin To Net: NetName=GND Pin=CON - IR4-P$3
Added Pin To Net: NetName=GND Pin=CON - IR5-P$3
Added Pin To Net: NetName=GND Pin=CON - IR6-P$3
Added Pin To Net: NetName=GND Pin=CON - NeoPix Pwr B-P$2
Added Pin To Net: NetName=GND Pin=CON - NeoPix Pwr C-P$2
Added Pin To Net: NetName=GND Pin=CON - NeoPix Start A-P$3
Added Pin To Net: NetName=GND Pin=CON - US1-P$4
Added Pin To Net: NetName=GND Pin=CON - US2-P$4
Added Pin To Net: NetName=GND Pin=CON - US3-P$4
Added Pin To Net: NetName=GND Pin=CON - US4-P$4
Added Pin To Net: NetName=GND Pin=CON - US5-P$4
Added Pin To Net: NetName=GND Pin=CON - US6-P$4
Added Pin To Net: NetName=GND Pin=FET-RL1-3
Added Pin To Net: NetName=GND Pin=FET-RL2-3
Added Pin To Net: NetName=GND Pin=I2C GND Jumper-2
Added Pin To Net: NetName=GND Pin=IRAddr-SW1-1
Added Pin To Net: NetName=GND Pin=IRAddr-SW1-2
Added Pin To Net: NetName=GND Pin=IRAddr-SW1-3
Added Pin To Net: NetName=GND Pin=IRAddr-SW1-4
Added Pin To Net: NetName=GND Pin=LIAddr-SW1-5
Added Pin To Net: NetName=GND Pin=LIAddr-SW1-6
Added Pin To Net: NetName=GND Pin=LIAddr-SW1-7
Added Pin To Net: NetName=GND Pin=LIAddr-SW1-8
Added Pin To Net: NetName=GND Pin=NeoIR-0-3-GND
Added Pin To Net: NetName=GND Pin=NeoLI-0-3-GND
Added Pin To Net: NetName=GND Pin=NeoLI-1-3-GND
Added Pin To Net: NetName=GND Pin=NeoLI-2-3-GND
Added Pin To Net: NetName=GND Pin=NeoLI-3-3-GND
Added Pin To Net: NetName=GND Pin=NeoLI-4-3-GND
Added Pin To Net: NetName=GND Pin=NeoLI-5-3-GND
Added Pin To Net: NetName=GND Pin=NeoLI-6-3-GND
Added Pin To Net: NetName=GND Pin=NeoPix V-REG-1-3
Added Pin To Net: NetName=GND Pin=NeoUS-0-3-GND
Added Pin To Net: NetName=GND Pin=R6-1
Added Pin To Net: NetName=GND Pin=R8-1
Added Pin To Net: NetName=GND Pin=USAddr-SW1-5
Added Pin To Net: NetName=GND Pin=USAddr-SW1-6
Added Pin To Net: NetName=GND Pin=USAddr-SW1-7
Added Pin To Net: NetName=GND Pin=USAddr-SW1-8
Added Net: Name=GND
Added Pin To Net: NetName=I2C SCL Pin=1 Lighting-J2.10
Added Pin To Net: NetName=I2C SCL Pin=2 Ultrasonic-J2.10
Added Pin To Net: NetName=I2C SCL Pin=3 InfraRed-J2.10
Added Pin To Net: NetName=I2C SCL Pin=CON - I2C from RRIO-P$1
Added Pin To Net: NetName=I2C SCL Pin=CON - I2C Output-P$2
Added Pin To Net: NetName=I2C SCL Pin=R1-2
Added Net: Name=I2C SCL
Added Pin To Net: NetName=I2C SDA Pin=1 Lighting-J2.9
Added Pin To Net: NetName=I2C SDA Pin=2 Ultrasonic-J2.9
Added Pin To Net: NetName=I2C SDA Pin=3 InfraRed-J2.9
Added Pin To Net: NetName=I2C SDA Pin=CON - I2C from RRIO-P$2
Added Pin To Net: NetName=I2C SDA Pin=CON - I2C Output-P$3
Added Pin To Net: NetName=I2C SDA Pin=R2-2
Added Net: Name=I2C SDA
Added Pin To Net: NetName=IR1-ANL Pin=3 InfraRed-J2.12
Added Pin To Net: NetName=IR1-ANL Pin=CON - IR1-P$2
Added Net: Name=IR1-ANL
Added Pin To Net: NetName=IR2-ANL Pin=3 InfraRed-J2.11
Added Pin To Net: NetName=IR2-ANL Pin=CON - IR2-P$2
Added Net: Name=IR2-ANL
Added Pin To Net: NetName=IR3-ANL Pin=3 InfraRed-J2.8
Added Pin To Net: NetName=IR3-ANL Pin=CON - IR3-P$2
Added Net: Name=IR3-ANL
Added Pin To Net: NetName=IR4-ANL Pin=3 InfraRed-J2.7
Added Pin To Net: NetName=IR4-ANL Pin=CON - IR4-P$2
Added Net: Name=IR4-ANL
Added Pin To Net: NetName=IR5-ANL Pin=3 InfraRed-J2.6
Added Pin To Net: NetName=IR5-ANL Pin=CON - IR5-P$2
Added Net: Name=IR5-ANL
Added Pin To Net: NetName=IR6-ANL Pin=3 InfraRed-J2.5
Added Pin To Net: NetName=IR6-ANL Pin=CON - IR6-P$2
Added Net: Name=IR6-ANL
Added Pin To Net: NetName=NANO RESET Pin=CON - I2C Output-P$4
Added Pin To Net: NetName=NANO RESET Pin=JRST1-1
Added Pin To Net: NetName=NANO RESET Pin=JRST2-1
Added Pin To Net: NetName=NANO RESET Pin=JRST3-1
Added Pin To Net: NetName=NANO RESET Pin=Nano Reset Header-P$1
Added Net: Name=NANO RESET
Added Pin To Net: NetName=NEOPIX DATA Pin=CON - NeoPix Start A-P$2
Added Pin To Net: NetName=NEOPIX DATA Pin=NeoLI-6-2-DOUT
Added Net: Name=NEOPIX DATA
Added Pin To Net: NetName=NEOPIX ONBOARD D Pin=NeoLI-0-2-DOUT
Added Pin To Net: NetName=NEOPIX ONBOARD D Pin=NeoLI-1-4-DIN
Added Net: Name=NEOPIX ONBOARD D
Added Pin To Net: NetName=Net1 Lighting_J1.9 Pin=1 Lighting-J1.9
Added Pin To Net: NetName=Net1 Lighting_J1.9 Pin=R3-2
Added Net: Name=Net1 Lighting_J1.9
Added Pin To Net: NetName=Net1 Lighting_J2.3 Pin=1 Lighting-J2.3
Added Pin To Net: NetName=Net1 Lighting_J2.3 Pin=JRST1-2
Added Net: Name=Net1 Lighting_J2.3
Added Pin To Net: NetName=Net1 Lighting_J2.5 Pin=1 Lighting-J2.5
Added Pin To Net: NetName=Net1 Lighting_J2.5 Pin=LIAddr-SW1-1
Added Net: Name=Net1 Lighting_J2.5
Added Pin To Net: NetName=Net1 Lighting_J2.6 Pin=1 Lighting-J2.6
Added Pin To Net: NetName=Net1 Lighting_J2.6 Pin=LIAddr-SW1-2
Added Net: Name=Net1 Lighting_J2.6
Added Pin To Net: NetName=Net1 Lighting_J2.7 Pin=1 Lighting-J2.7
Added Pin To Net: NetName=Net1 Lighting_J2.7 Pin=LIAddr-SW1-3
Added Net: Name=Net1 Lighting_J2.7
Added Pin To Net: NetName=Net1 Lighting_J2.8 Pin=1 Lighting-J2.8
Added Pin To Net: NetName=Net1 Lighting_J2.8 Pin=LIAddr-SW1-4
Added Net: Name=Net1 Lighting_J2.8
Added Pin To Net: NetName=Net2 Ultrasonic_J1.9 Pin=2 Ultrasonic-J1.9
Added Pin To Net: NetName=Net2 Ultrasonic_J1.9 Pin=R4-2
Added Net: Name=Net2 Ultrasonic_J1.9
Added Pin To Net: NetName=Net2 Ultrasonic_J2.3 Pin=2 Ultrasonic-J2.3
Added Pin To Net: NetName=Net2 Ultrasonic_J2.3 Pin=JRST2-2
Added Net: Name=Net2 Ultrasonic_J2.3
Added Pin To Net: NetName=Net2 Ultrasonic_J2.5 Pin=2 Ultrasonic-J2.5
Added Pin To Net: NetName=Net2 Ultrasonic_J2.5 Pin=USAddr-SW1-1
Added Net: Name=Net2 Ultrasonic_J2.5
Added Pin To Net: NetName=Net2 Ultrasonic_J2.6 Pin=2 Ultrasonic-J2.6
Added Pin To Net: NetName=Net2 Ultrasonic_J2.6 Pin=USAddr-SW1-2
Added Net: Name=Net2 Ultrasonic_J2.6
Added Pin To Net: NetName=Net2 Ultrasonic_J2.7 Pin=2 Ultrasonic-J2.7
Added Pin To Net: NetName=Net2 Ultrasonic_J2.7 Pin=USAddr-SW1-3
Added Net: Name=Net2 Ultrasonic_J2.7
Added Pin To Net: NetName=Net2 Ultrasonic_J2.8 Pin=2 Ultrasonic-J2.8
Added Pin To Net: NetName=Net2 Ultrasonic_J2.8 Pin=USAddr-SW1-4
Added Net: Name=Net2 Ultrasonic_J2.8
Added Pin To Net: NetName=Net3 InfraRed_J1.5 Pin=3 InfraRed-J1.5
Added Pin To Net: NetName=Net3 InfraRed_J1.5 Pin=IRAddr-SW1-8
Added Net: Name=Net3 InfraRed_J1.5
Added Pin To Net: NetName=Net3 InfraRed_J1.6 Pin=3 InfraRed-J1.6
Added Pin To Net: NetName=Net3 InfraRed_J1.6 Pin=IRAddr-SW1-7
Added Net: Name=Net3 InfraRed_J1.6
Added Pin To Net: NetName=Net3 InfraRed_J1.7 Pin=3 InfraRed-J1.7
Added Pin To Net: NetName=Net3 InfraRed_J1.7 Pin=IRAddr-SW1-6
Added Net: Name=Net3 InfraRed_J1.7
Added Pin To Net: NetName=Net3 InfraRed_J1.8 Pin=3 InfraRed-J1.8
Added Pin To Net: NetName=Net3 InfraRed_J1.8 Pin=IRAddr-SW1-5
Added Net: Name=Net3 InfraRed_J1.8
Added Pin To Net: NetName=Net3 InfraRed_J1.9 Pin=3 InfraRed-J1.9
Added Pin To Net: NetName=Net3 InfraRed_J1.9 Pin=R5-2
Added Net: Name=Net3 InfraRed_J1.9
Added Pin To Net: NetName=Net3 InfraRed_J2.3 Pin=3 InfraRed-J2.3
Added Pin To Net: NetName=Net3 InfraRed_J2.3 Pin=JRST3-2
Added Net: Name=Net3 InfraRed_J2.3
Added Pin To Net: NetName=Net10A Fuse_1 Pin=10A Fuse-1
Added Pin To Net: NetName=Net10A Fuse_1 Pin=12V INPUT-2
Added Net: Name=Net10A Fuse_1
Added Pin To Net: NetName=NetC21_2 Pin=C21-2
Added Pin To Net: NetName=NetC21_2 Pin=C22-2
Added Pin To Net: NetName=NetC21_2 Pin=C23-2
Added Pin To Net: NetName=NetC21_2 Pin=C24-2
Added Pin To Net: NetName=NetC21_2 Pin=NeoPix V-REG-2-3
Added Pin To Net: NetName=NetC21_2 Pin=NeoPix V-REG-3-3
Added Net: Name=NetC21_2
Added Pin To Net: NetName=NetCON - I2C from RRIO_P$3 Pin=CON - I2C from RRIO-P$3
Added Pin To Net: NetName=NetCON - I2C from RRIO_P$3 Pin=I2C GND Jumper-1
Added Net: Name=NetCON - I2C from RRIO_P$3
Added Pin To Net: NetName=NetCON-Ring Light 1_P$2 Pin=CON-Ring Light 1-P$2
Added Pin To Net: NetName=NetCON-Ring Light 1_P$2 Pin=FET-RL1-2
Added Net: Name=NetCON-Ring Light 1_P$2
Added Pin To Net: NetName=NetCON-Ring Light 2_P$2 Pin=CON-Ring Light 2-P$2
Added Pin To Net: NetName=NetCON-Ring Light 2_P$2 Pin=FET-RL2-2
Added Net: Name=NetCON-Ring Light 2_P$2
Added Pin To Net: NetName=NetFET-RL1_1 Pin=FET-RL1-1
Added Pin To Net: NetName=NetFET-RL1_1 Pin=R6-2
Added Pin To Net: NetName=NetFET-RL1_1 Pin=R7-1
Added Net: Name=NetFET-RL1_1
Added Pin To Net: NetName=NetFET-RL2_1 Pin=FET-RL2-1
Added Pin To Net: NetName=NetFET-RL2_1 Pin=R8-2
Added Pin To Net: NetName=NetFET-RL2_1 Pin=R9-1
Added Net: Name=NetFET-RL2_1
Added Pin To Net: NetName=NetNeoIR-0_4-DIN Pin=NeoIR-0-4-DIN
Added Pin To Net: NetName=NetNeoIR-0_4-DIN Pin=R5-1
Added Net: Name=NetNeoIR-0_4-DIN
Added Pin To Net: NetName=NetNeoLI-0_4-DIN Pin=NeoLI-0-4-DIN
Added Pin To Net: NetName=NetNeoLI-0_4-DIN Pin=R3-1
Added Net: Name=NetNeoLI-0_4-DIN
Added Pin To Net: NetName=NetNeoLI-1_2-DOUT Pin=NeoLI-1-2-DOUT
Added Pin To Net: NetName=NetNeoLI-1_2-DOUT Pin=NeoLI-2-4-DIN
Added Net: Name=NetNeoLI-1_2-DOUT
Added Pin To Net: NetName=NetNeoLI-2_2-DOUT Pin=NeoLI-2-2-DOUT
Added Pin To Net: NetName=NetNeoLI-2_2-DOUT Pin=NeoLI-3-4-DIN
Added Net: Name=NetNeoLI-2_2-DOUT
Added Pin To Net: NetName=NetNeoLI-3_2-DOUT Pin=NeoLI-3-2-DOUT
Added Pin To Net: NetName=NetNeoLI-3_2-DOUT Pin=NeoLI-4-4-DIN
Added Net: Name=NetNeoLI-3_2-DOUT
Added Pin To Net: NetName=NetNeoLI-4_2-DOUT Pin=NeoLI-4-2-DOUT
Added Pin To Net: NetName=NetNeoLI-4_2-DOUT Pin=NeoLI-5-4-DIN
Added Net: Name=NetNeoLI-4_2-DOUT
Added Pin To Net: NetName=NetNeoLI-5_2-DOUT Pin=NeoLI-5-2-DOUT
Added Pin To Net: NetName=NetNeoLI-5_2-DOUT Pin=NeoLI-6-4-DIN
Added Net: Name=NetNeoLI-5_2-DOUT
Added Pin To Net: NetName=NetNeoUS-0_4-DIN Pin=NeoUS-0-4-DIN
Added Pin To Net: NetName=NetNeoUS-0_4-DIN Pin=R4-1
Added Net: Name=NetNeoUS-0_4-DIN
Added Pin To Net: NetName=NOCONNECT1 Pin=Nano Reset Header-P$2
Added Net: Name=NOCONNECT1
Added Pin To Net: NetName=RING LIGHT 1 Pin=1 Lighting-J1.10
Added Pin To Net: NetName=RING LIGHT 1 Pin=R7-2
Added Net: Name=RING LIGHT 1
Added Pin To Net: NetName=RING LIGHT 2 Pin=1 Lighting-J1.11
Added Pin To Net: NetName=RING LIGHT 2 Pin=R9-2
Added Net: Name=RING LIGHT 2
Added Pin To Net: NetName=US1-EN Pin=2 Ultrasonic-J1.1
Added Pin To Net: NetName=US1-EN Pin=CON - US1-P$3
Added Net: Name=US1-EN
Added Pin To Net: NetName=US1-TX Pin=2 Ultrasonic-J1.2
Added Pin To Net: NetName=US1-TX Pin=CON - US1-P$2
Added Net: Name=US1-TX
Added Pin To Net: NetName=US2-EN Pin=2 Ultrasonic-J1.6
Added Pin To Net: NetName=US2-EN Pin=CON - US2-P$3
Added Net: Name=US2-EN
Added Pin To Net: NetName=US2-TX Pin=2 Ultrasonic-J1.5
Added Pin To Net: NetName=US2-TX Pin=CON - US2-P$2
Added Net: Name=US2-TX
Added Pin To Net: NetName=US3-EN Pin=2 Ultrasonic-J1.8
Added Pin To Net: NetName=US3-EN Pin=CON - US3-P$3
Added Net: Name=US3-EN
Added Pin To Net: NetName=US3-TX Pin=2 Ultrasonic-J1.7
Added Pin To Net: NetName=US3-TX Pin=CON - US3-P$2
Added Net: Name=US3-TX
Added Pin To Net: NetName=US4-EN Pin=2 Ultrasonic-J1.11
Added Pin To Net: NetName=US4-EN Pin=CON - US4-P$3
Added Net: Name=US4-EN
Added Pin To Net: NetName=US4-TX Pin=2 Ultrasonic-J1.10
Added Pin To Net: NetName=US4-TX Pin=CON - US4-P$2
Added Net: Name=US4-TX
Added Pin To Net: NetName=US5-EN Pin=2 Ultrasonic-J1.13
Added Pin To Net: NetName=US5-EN Pin=CON - US5-P$3
Added Net: Name=US5-EN
Added Pin To Net: NetName=US5-TX Pin=2 Ultrasonic-J1.12
Added Pin To Net: NetName=US5-TX Pin=CON - US5-P$2
Added Net: Name=US5-TX
Added Pin To Net: NetName=US6-EN Pin=2 Ultrasonic-J1.15
Added Pin To Net: NetName=US6-EN Pin=CON - US6-P$3
Added Net: Name=US6-EN
Added Pin To Net: NetName=US6-TX Pin=2 Ultrasonic-J1.14
Added Pin To Net: NetName=US6-TX Pin=CON - US6-P$2
Added Net: Name=US6-TX
Added Pin To Net: NetName=VCC Pin=1 Lighting-J2.1
Added Pin To Net: NetName=VCC Pin=2 Ultrasonic-J2.1
Added Pin To Net: NetName=VCC Pin=3 InfraRed-J2.1
Added Pin To Net: NetName=VCC Pin=9V 2A VoltReg-3
Added Pin To Net: NetName=VCC Pin=C17-2
Added Pin To Net: NetName=VCC Pin=C18-1
Added Pin To Net: NetName=VCC Pin=CON - I2C Output-P$1
Added Net: Name=VCC
Added Class: Name=Overall Schematic
