Removed Pin From Net: NetName=Net1 Lighting_J2.8 Pin=1 Lighting-J2.8
Removed Pin From Net: NetName=I2C SDA Pin=1 Lighting-J2.9
Removed Pin From Net: NetName=I2C SCL Pin=1 Lighting-J2.10
Removed Pin From Net: NetName=US1-EN Pin=2 Ultrasonic-J1.1
Removed Pin From Net: NetName=US1-TX Pin=2 Ultrasonic-J1.2
Removed Pin From Net: NetName=US2-TX Pin=2 Ultrasonic-J1.5
Removed Pin From Net: NetName=US2-EN Pin=2 Ultrasonic-J1.6
Removed Pin From Net: NetName=US3-TX Pin=2 Ultrasonic-J1.7
Removed Pin From Net: NetName=US3-EN Pin=2 Ultrasonic-J1.8
Removed Pin From Net: NetName=US4-TX Pin=2 Ultrasonic-J1.10
Removed Pin From Net: NetName=US4-EN Pin=2 Ultrasonic-J1.11
Removed Pin From Net: NetName=US5-TX Pin=2 Ultrasonic-J1.12
Removed Pin From Net: NetName=US5-EN Pin=2 Ultrasonic-J1.13
Removed Pin From Net: NetName=US6-TX Pin=2 Ultrasonic-J1.14
Removed Pin From Net: NetName=US6-EN Pin=2 Ultrasonic-J1.15
Removed Pin From Net: NetName=Net2 Ultrasonic_J2.8 Pin=2 Ultrasonic-J2.8
Removed Pin From Net: NetName=I2C SDA Pin=2 Ultrasonic-J2.9
Removed Pin From Net: NetName=I2C SCL Pin=2 Ultrasonic-J2.10
Removed Pin From Net: NetName=IR3-ANL Pin=3 InfraRed-J2.8
Removed Pin From Net: NetName=I2C SDA Pin=3 InfraRed-J2.9
Removed Pin From Net: NetName=I2C SCL Pin=3 InfraRed-J2.10
Added Pin To Net: NetName=I2C SDA Pin=1 Lighting-J2.8
Added Pin To Net: NetName=I2C SCL Pin=1 Lighting-J2.9
Added Pin To Net: NetName=Net1 Lighting_J2.8 Pin=1 Lighting-J2.11
Added Pin To Net: NetName=US5-EN Pin=2 Ultrasonic-J1.5
Added Pin To Net: NetName=US5-TX Pin=2 Ultrasonic-J1.6
Added Pin To Net: NetName=US4-EN Pin=2 Ultrasonic-J1.7
Added Pin To Net: NetName=US4-TX Pin=2 Ultrasonic-J1.8
Added Pin To Net: NetName=US3-EN Pin=2 Ultrasonic-J1.10
Added Pin To Net: NetName=US3-TX Pin=2 Ultrasonic-J1.11
Added Pin To Net: NetName=US2-EN Pin=2 Ultrasonic-J1.12
Added Pin To Net: NetName=US2-TX Pin=2 Ultrasonic-J1.13
Added Pin To Net: NetName=US1-EN Pin=2 Ultrasonic-J1.14
Added Pin To Net: NetName=US1-TX Pin=2 Ultrasonic-J1.15
Added Pin To Net: NetName=I2C SDA Pin=2 Ultrasonic-J2.8
Added Pin To Net: NetName=I2C SCL Pin=2 Ultrasonic-J2.9
Added Pin To Net: NetName=Net2 Ultrasonic_J2.8 Pin=2 Ultrasonic-J2.11
Added Pin To Net: NetName=I2C SDA Pin=3 InfraRed-J2.8
Added Pin To Net: NetName=I2C SCL Pin=3 InfraRed-J2.9
Added Pin To Net: NetName=IR3-ANL Pin=3 InfraRed-J2.10
Change Net Name : Old Net Name=Net1 Lighting_J2.8 New Net Name=Net1 Lighting_J2.11
Change Net Name : Old Net Name=Net2 Ultrasonic_J2.8 New Net Name=Net2 Ultrasonic_J2.11
